0    INFO  [main]    kieker.analysis.AnalysisController     - Registered plugin kieker.tools.traceAnalysis.plugins.executionRecordTransformation.ExecutionRecordTransformationFilter@19209ea
0    INFO  [main]    kieker.analysis.AnalysisController     - Plugin kieker.tools.traceAnalysis.plugins.executionRecordTransformation.ExecutionRecordTransformationFilter@19209ea also registered as record consumer
2    INFO  [main]    kieker.analysis.AnalysisController     - Registered plugin kieker.tools.traceAnalysis.plugins.executionFilter.TimestampFilter@1c99159
2    INFO  [main]    kieker.analysis.AnalysisController     - Registered plugin kieker.tools.traceAnalysis.plugins.executionFilter.TraceIdFilter@a61164
6    INFO  [main]    kieker.analysis.AnalysisController     - Registered plugin kieker.tools.traceAnalysis.plugins.traceReconstruction.TraceReconstructionFilter@1d9fd51
9    INFO  [main]    kieker.analysis.AnalysisController     - Registered plugin kieker.tools.traceAnalysis.plugins.traceFilter.TraceEquivalenceClassFilter@1a786c3
9    INFO  [main]    kieker.analysis.AnalysisController     - Registered plugin kieker.tools.traceAnalysis.plugins.traceFilter.TraceEquivalenceClassFilter@18088c0
14   INFO  [main]    kieker.analysis.AnalysisController     - Registered plugin kieker.tools.traceAnalysis.plugins.visualization.dependencyGraph.ComponentDependencyGraphPluginAllocation@99681b
15   INFO  [main]    kieker.analysis.AnalysisController     - Registered plugin kieker.tools.traceAnalysis.plugins.visualization.dependencyGraph.ComponentDependencyGraphPluginAssembly@2f1921
17   INFO  [main]    kieker.analysis.AnalysisController     - Registered plugin kieker.tools.traceAnalysis.plugins.visualization.dependencyGraph.ContainerDependencyGraphPlugin@c832d2
19   INFO  [main]    kieker.analysis.AnalysisController     - Registered plugin kieker.tools.traceAnalysis.plugins.visualization.dependencyGraph.OperationDependencyGraphPluginAllocation@47393f
21   INFO  [main]    kieker.analysis.AnalysisController     - Registered plugin kieker.tools.traceAnalysis.plugins.visualization.dependencyGraph.OperationDependencyGraphPluginAssembly@763f5d
25   INFO  [main]    kieker.analysis.AnalysisController     - Registered plugin kieker.tools.traceAnalysis.plugins.visualization.callTree.AggregatedAllocationComponentOperationCallTreePlugin@10bc49d
26   INFO  [main]    kieker.analysis.AnalysisController     - Registered plugin kieker.tools.traceAnalysis.plugins.visualization.callTree.AggregatedAssemblyComponentOperationCallTreePlugin@c4aad3
70   INFO  [Reader thread for /home/voorn/svn_work/kieker/software/kieker/trunk/examples/userguide/ch5--aspectj-instrumentation/testdata/tpmon-20100830-082225522-UTC/] kieker.analysis.reader.filesystem.FSDirectoryReader     - < Loading /home/voorn/svn_work/kieker/software/kieker/trunk/examples/userguide/ch5--aspectj-instrumentation/testdata/tpmon-20100830-082225522-UTC/tpmon-20100830-082225582-UTC-Thread-2.dat
71   INFO  [Reader thread for /home/voorn/svn_work/kieker/software/kieker/trunk/examples/userguide/ch5--aspectj-instrumentation/testdata/tpmon-20100830-082225522-UTC/] kieker.common.record.MonitoringRecordTypeRegistry     - Registered record type mapping 1/kieker.common.record.OperationExecutionRecord
512  INFO  [main] kieker.analysis.reader.filesystem.FSReader     - All reader threads provided FS_READER_TERMINATION_MARKER
512  INFO  [main] kieker.tools.traceAnalysis.plugins.traceReconstruction.TraceReconstructionFilter     - terminate called with error flag set; won't process timeoutqueue any more.
0    INFO  [main]    kieker.analysis.AnalysisController     - Registered plugin kieker.tools.traceAnalysis.plugins.executionRecordTransformation.ExecutionRecordTransformationFilter@19209ea
1    INFO  [main]    kieker.analysis.AnalysisController     - Plugin kieker.tools.traceAnalysis.plugins.executionRecordTransformation.ExecutionRecordTransformationFilter@19209ea also registered as record consumer
3    INFO  [main]    kieker.analysis.AnalysisController     - Registered plugin kieker.tools.traceAnalysis.plugins.executionFilter.TimestampFilter@1c99159
3    INFO  [main]    kieker.analysis.AnalysisController     - Registered plugin kieker.tools.traceAnalysis.plugins.executionFilter.TraceIdFilter@a61164
7    INFO  [main]    kieker.analysis.AnalysisController     - Registered plugin kieker.tools.traceAnalysis.plugins.traceReconstruction.TraceReconstructionFilter@1d9fd51
9    WARN  [main] kieker.tools.traceAnalysis.TraceAnalysisTool     - No task requested
0    INFO  [main] kieker.tools.traceAnalysis.TraceAnalysisTool     - 4 traces selected
23   INFO  [main]    kieker.analysis.AnalysisController     - Registered plugin kieker.tools.traceAnalysis.plugins.executionRecordTransformation.ExecutionRecordTransformationFilter@1c99159
23   INFO  [main]    kieker.analysis.AnalysisController     - Plugin kieker.tools.traceAnalysis.plugins.executionRecordTransformation.ExecutionRecordTransformationFilter@1c99159 also registered as record consumer
24   INFO  [main]    kieker.analysis.AnalysisController     - Registered plugin kieker.tools.traceAnalysis.plugins.executionFilter.TimestampFilter@18fd984
25   INFO  [main]    kieker.analysis.AnalysisController     - Registered plugin kieker.tools.traceAnalysis.plugins.executionFilter.TraceIdFilter@4a63d8
28   INFO  [main]    kieker.analysis.AnalysisController     - Registered plugin kieker.tools.traceAnalysis.plugins.traceReconstruction.TraceReconstructionFilter@1edc073
31   WARN  [main] kieker.tools.traceAnalysis.TraceAnalysisTool     - No task requested
0    INFO  [main] kieker.tools.traceAnalysis.TraceAnalysisTool     - 4 traces selected
21   INFO  [main]    kieker.analysis.AnalysisController     - Registered plugin kieker.tools.traceAnalysis.plugins.executionRecordTransformation.ExecutionRecordTransformationFilter@12f0999
21   INFO  [main]    kieker.analysis.AnalysisController     - Plugin kieker.tools.traceAnalysis.plugins.executionRecordTransformation.ExecutionRecordTransformationFilter@12f0999 also registered as record consumer
22   INFO  [main]    kieker.analysis.AnalysisController     - Registered plugin kieker.tools.traceAnalysis.plugins.executionFilter.TimestampFilter@11d0a4f
23   INFO  [main]    kieker.analysis.AnalysisController     - Registered plugin kieker.tools.traceAnalysis.plugins.executionFilter.TraceIdFilter@91cee
26   INFO  [main]    kieker.analysis.AnalysisController     - Registered plugin kieker.tools.traceAnalysis.plugins.traceReconstruction.TraceReconstructionFilter@d251a3
30   INFO  [main]    kieker.analysis.AnalysisController     - Registered plugin kieker.tools.traceAnalysis.plugins.traceWriter.MessageTraceWriterPlugin@64f6cd
33   INFO  [main]    kieker.analysis.AnalysisController     - Registered plugin kieker.tools.traceAnalysis.plugins.traceWriter.ExecutionTraceWriterPlugin@181edf4
51   INFO  [main]    kieker.analysis.AnalysisController     - Registered plugin kieker.tools.traceAnalysis.plugins.visualization.sequenceDiagram.SequenceDiagramPlugin@763f5d
51   INFO  [main]    kieker.analysis.AnalysisController     - Registered plugin kieker.tools.traceAnalysis.plugins.visualization.sequenceDiagram.SequenceDiagramPlugin@13a317a
55   INFO  [main]    kieker.analysis.AnalysisController     - Registered plugin kieker.tools.traceAnalysis.plugins.visualization.callTree.TraceCallTreePlugin@10bc49d
58   INFO  [main]    kieker.analysis.AnalysisController     - Registered plugin kieker.tools.traceAnalysis.plugins.visualization.callTree.AggregatedAllocationComponentOperationCallTreePlugin@1bfc93a
59   INFO  [main]    kieker.analysis.AnalysisController     - Registered plugin kieker.tools.traceAnalysis.plugins.visualization.callTree.AggregatedAssemblyComponentOperationCallTreePlugin@54a328
98   INFO  [Reader thread for /home/voorn/svn_work/kieker/software/kieker/trunk/examples/userguide/ch5--aspectj-instrumentation/testdata/tpmon-20100830-082225522-UTC/] kieker.analysis.reader.filesystem.FSDirectoryReader     - < Loading /home/voorn/svn_work/kieker/software/kieker/trunk/examples/userguide/ch5--aspectj-instrumentation/testdata/tpmon-20100830-082225522-UTC/tpmon-20100830-082225582-UTC-Thread-2.dat
99   INFO  [Reader thread for /home/voorn/svn_work/kieker/software/kieker/trunk/examples/userguide/ch5--aspectj-instrumentation/testdata/tpmon-20100830-082225522-UTC/] kieker.common.record.MonitoringRecordTypeRegistry     - Registered record type mapping 1/kieker.common.record.OperationExecutionRecord
436  INFO  [main] kieker.analysis.reader.filesystem.FSReader     - All reader threads provided FS_READER_TERMINATION_MARKER
437  INFO  [main] kieker.tools.traceAnalysis.plugins.traceReconstruction.TraceReconstructionFilter     - terminate called with error flag set; won't process timeoutqueue any more.
0    INFO  [main] kieker.tools.traceAnalysis.TraceAnalysisTool     - 4 traces selected
21   INFO  [main]    kieker.analysis.AnalysisController     - Registered plugin kieker.tools.traceAnalysis.plugins.executionRecordTransformation.ExecutionRecordTransformationFilter@3ecfff
21   INFO  [main]    kieker.analysis.AnalysisController     - Plugin kieker.tools.traceAnalysis.plugins.executionRecordTransformation.ExecutionRecordTransformationFilter@3ecfff also registered as record consumer
22   INFO  [main]    kieker.analysis.AnalysisController     - Registered plugin kieker.tools.traceAnalysis.plugins.executionFilter.TimestampFilter@11d0a4f
23   INFO  [main]    kieker.analysis.AnalysisController     - Registered plugin kieker.tools.traceAnalysis.plugins.executionFilter.TraceIdFilter@91cee
26   INFO  [main]    kieker.analysis.AnalysisController     - Registered plugin kieker.tools.traceAnalysis.plugins.traceReconstruction.TraceReconstructionFilter@d251a3
37   INFO  [main]    kieker.analysis.AnalysisController     - Registered plugin kieker.tools.traceAnalysis.plugins.traceWriter.MessageTraceWriterPlugin@64f6cd
40   INFO  [main]    kieker.analysis.AnalysisController     - Registered plugin kieker.tools.traceAnalysis.plugins.traceWriter.ExecutionTraceWriterPlugin@12d3205
49   INFO  [main]    kieker.analysis.AnalysisController     - Registered plugin kieker.tools.traceAnalysis.plugins.visualization.sequenceDiagram.SequenceDiagramPlugin@13a317a
49   INFO  [main]    kieker.analysis.AnalysisController     - Registered plugin kieker.tools.traceAnalysis.plugins.visualization.sequenceDiagram.SequenceDiagramPlugin@186768e
55   INFO  [main]    kieker.analysis.AnalysisController     - Registered plugin kieker.tools.traceAnalysis.plugins.visualization.callTree.TraceCallTreePlugin@1995d80
58   INFO  [main]    kieker.analysis.AnalysisController     - Registered plugin kieker.tools.traceAnalysis.plugins.visualization.callTree.AggregatedAllocationComponentOperationCallTreePlugin@341960
59   INFO  [main]    kieker.analysis.AnalysisController     - Registered plugin kieker.tools.traceAnalysis.plugins.visualization.callTree.AggregatedAssemblyComponentOperationCallTreePlugin@a3d4cf
99   INFO  [Reader thread for /home/voorn/svn_work/kieker/software/kieker/trunk/examples/userguide/ch5--aspectj-instrumentation/testdata/tpmon-20100830-082225522-UTC/] kieker.analysis.reader.filesystem.FSDirectoryReader     - < Loading /home/voorn/svn_work/kieker/software/kieker/trunk/examples/userguide/ch5--aspectj-instrumentation/testdata/tpmon-20100830-082225522-UTC/tpmon-20100830-082225582-UTC-Thread-2.dat
100  INFO  [Reader thread for /home/voorn/svn_work/kieker/software/kieker/trunk/examples/userguide/ch5--aspectj-instrumentation/testdata/tpmon-20100830-082225522-UTC/] kieker.common.record.MonitoringRecordTypeRegistry     - Registered record type mapping 1/kieker.common.record.OperationExecutionRecord
458  INFO  [main] kieker.analysis.reader.filesystem.FSReader     - All reader threads provided FS_READER_TERMINATION_MARKER
458  INFO  [main] kieker.tools.traceAnalysis.plugins.traceReconstruction.TraceReconstructionFilter     - terminate called with error flag set; won't process timeoutqueue any more.
0    INFO  [main]    kieker.analysis.AnalysisController     - Registered plugin kieker.tools.traceAnalysis.plugins.executionRecordTransformation.ExecutionRecordTransformationFilter@19209ea
27   INFO  [main]    kieker.analysis.AnalysisController     - Plugin kieker.tools.traceAnalysis.plugins.executionRecordTransformation.ExecutionRecordTransformationFilter@19209ea also registered as record consumer
29   INFO  [main]    kieker.analysis.AnalysisController     - Registered plugin kieker.tools.traceAnalysis.plugins.executionFilter.TimestampFilter@1c99159
30   INFO  [main]    kieker.analysis.AnalysisController     - Registered plugin kieker.tools.traceAnalysis.plugins.executionFilter.TraceIdFilter@a61164
39   INFO  [main]    kieker.analysis.AnalysisController     - Registered plugin kieker.tools.traceAnalysis.plugins.traceReconstruction.TraceReconstructionFilter@1d9fd51
43   WARN  [main] kieker.tools.traceAnalysis.TraceAnalysisTool     - No task requested
0    INFO  [main]    kieker.analysis.AnalysisController     - Registered plugin kieker.tools.traceAnalysis.plugins.executionRecordTransformation.ExecutionRecordTransformationFilter@c8f6f8
0    INFO  [main]    kieker.analysis.AnalysisController     - Plugin kieker.tools.traceAnalysis.plugins.executionRecordTransformation.ExecutionRecordTransformationFilter@c8f6f8 also registered as record consumer
2    INFO  [main]    kieker.analysis.AnalysisController     - Registered plugin kieker.tools.traceAnalysis.plugins.executionFilter.TimestampFilter@65a77f
2    INFO  [main]    kieker.analysis.AnalysisController     - Registered plugin kieker.tools.traceAnalysis.plugins.executionFilter.TraceIdFilter@bfc8e0
6    INFO  [main]    kieker.analysis.AnalysisController     - Registered plugin kieker.tools.traceAnalysis.plugins.traceReconstruction.TraceReconstructionFilter@860d49
14   INFO  [main]    kieker.analysis.AnalysisController     - Registered plugin kieker.tools.traceAnalysis.plugins.visualization.callTree.AggregatedAllocationComponentOperationCallTreePlugin@12d3205
15   INFO  [main]    kieker.analysis.AnalysisController     - Registered plugin kieker.tools.traceAnalysis.plugins.visualization.callTree.AggregatedAssemblyComponentOperationCallTreePlugin@16df84b
121  INFO  [Reader thread for /home/voorn/svn_work/kieker/software/kieker/trunk/examples/userguide/ch5--aspectj-instrumentation/testdata/tpmon-20100830-082225522-UTC/] kieker.analysis.reader.filesystem.FSDirectoryReader     - < Loading /home/voorn/svn_work/kieker/software/kieker/trunk/examples/userguide/ch5--aspectj-instrumentation/testdata/tpmon-20100830-082225522-UTC/tpmon-20100830-082225582-UTC-Thread-2.dat
136  INFO  [Reader thread for /home/voorn/svn_work/kieker/software/kieker/trunk/examples/userguide/ch5--aspectj-instrumentation/testdata/tpmon-20100830-082225522-UTC/] kieker.common.record.MonitoringRecordTypeRegistry     - Registered record type mapping 1/kieker.common.record.OperationExecutionRecord
577  INFO  [main] kieker.analysis.reader.filesystem.FSReader     - All reader threads provided FS_READER_TERMINATION_MARKER
578  INFO  [main] kieker.tools.traceAnalysis.plugins.traceReconstruction.TraceReconstructionFilter     - terminate called with error flag set; won't process timeoutqueue any more.
0    INFO  [main]    kieker.analysis.AnalysisController     - Registered plugin kieker.tools.traceAnalysis.plugins.executionRecordTransformation.ExecutionRecordTransformationFilter@19209ea
1    INFO  [main]    kieker.analysis.AnalysisController     - Plugin kieker.tools.traceAnalysis.plugins.executionRecordTransformation.ExecutionRecordTransformationFilter@19209ea also registered as record consumer
3    INFO  [main]    kieker.analysis.AnalysisController     - Registered plugin kieker.tools.traceAnalysis.plugins.executionFilter.TimestampFilter@1c99159
3    INFO  [main]    kieker.analysis.AnalysisController     - Registered plugin kieker.tools.traceAnalysis.plugins.executionFilter.TraceIdFilter@a61164
16   INFO  [main]    kieker.analysis.AnalysisController     - Registered plugin kieker.tools.traceAnalysis.plugins.traceReconstruction.TraceReconstructionFilter@1d9fd51
25   INFO  [main]    kieker.analysis.AnalysisController     - Registered plugin kieker.tools.traceAnalysis.plugins.visualization.callTree.AggregatedAllocationComponentOperationCallTreePlugin@181edf4
25   INFO  [main]    kieker.analysis.AnalysisController     - Registered plugin kieker.tools.traceAnalysis.plugins.visualization.callTree.AggregatedAssemblyComponentOperationCallTreePlugin@1adc30
70   INFO  [Reader thread for /home/voorn/svn_work/kieker/software/kieker/trunk/examples/userguide/ch5--aspectj-instrumentation/testdata/tpmon-20100830-082225522-UTC/] kieker.analysis.reader.filesystem.FSDirectoryReader     - < Loading /home/voorn/svn_work/kieker/software/kieker/trunk/examples/userguide/ch5--aspectj-instrumentation/testdata/tpmon-20100830-082225522-UTC/tpmon-20100830-082225582-UTC-Thread-2.dat
71   INFO  [Reader thread for /home/voorn/svn_work/kieker/software/kieker/trunk/examples/userguide/ch5--aspectj-instrumentation/testdata/tpmon-20100830-082225522-UTC/] kieker.common.record.MonitoringRecordTypeRegistry     - Registered record type mapping 1/kieker.common.record.OperationExecutionRecord
497  INFO  [main] kieker.analysis.reader.filesystem.FSReader     - All reader threads provided FS_READER_TERMINATION_MARKER
497  INFO  [main] kieker.tools.traceAnalysis.plugins.traceReconstruction.TraceReconstructionFilter     - terminate called with error flag set; won't process timeoutqueue any more.
0    INFO  [main]    kieker.analysis.AnalysisController     - Registered plugin kieker.tools.traceAnalysis.plugins.executionRecordTransformation.ExecutionRecordTransformationFilter@19209ea
1    INFO  [main]    kieker.analysis.AnalysisController     - Plugin kieker.tools.traceAnalysis.plugins.executionRecordTransformation.ExecutionRecordTransformationFilter@19209ea also registered as record consumer
2    INFO  [main]    kieker.analysis.AnalysisController     - Registered plugin kieker.tools.traceAnalysis.plugins.executionFilter.TimestampFilter@1c99159
3    INFO  [main]    kieker.analysis.AnalysisController     - Registered plugin kieker.tools.traceAnalysis.plugins.executionFilter.TraceIdFilter@a61164
6    INFO  [main]    kieker.analysis.AnalysisController     - Registered plugin kieker.tools.traceAnalysis.plugins.traceReconstruction.TraceReconstructionFilter@1d9fd51
25   INFO  [main]    kieker.analysis.AnalysisController     - Registered plugin kieker.tools.traceAnalysis.plugins.visualization.callTree.AggregatedAllocationComponentOperationCallTreePlugin@181edf4
25   INFO  [main]    kieker.analysis.AnalysisController     - Registered plugin kieker.tools.traceAnalysis.plugins.visualization.callTree.AggregatedAssemblyComponentOperationCallTreePlugin@1adc30
73   INFO  [Reader thread for /home/voorn/svn_work/kieker/software/kieker/trunk/examples/userguide/ch5--aspectj-instrumentation/testdata/tpmon-20100830-082225522-UTC/] kieker.analysis.reader.filesystem.FSDirectoryReader     - < Loading /home/voorn/svn_work/kieker/software/kieker/trunk/examples/userguide/ch5--aspectj-instrumentation/testdata/tpmon-20100830-082225522-UTC/tpmon-20100830-082225582-UTC-Thread-2.dat
74   INFO  [Reader thread for /home/voorn/svn_work/kieker/software/kieker/trunk/examples/userguide/ch5--aspectj-instrumentation/testdata/tpmon-20100830-082225522-UTC/] kieker.common.record.MonitoringRecordTypeRegistry     - Registered record type mapping 1/kieker.common.record.OperationExecutionRecord
492  INFO  [main] kieker.analysis.reader.filesystem.FSReader     - All reader threads provided FS_READER_TERMINATION_MARKER
492  INFO  [main] kieker.tools.traceAnalysis.plugins.traceReconstruction.TraceReconstructionFilter     - terminate called with error flag set; won't process timeoutqueue any more.
0    INFO  [main]    kieker.analysis.AnalysisController     - Registered plugin kieker.tools.traceAnalysis.plugins.executionRecordTransformation.ExecutionRecordTransformationFilter@19209ea
5    INFO  [main]    kieker.analysis.AnalysisController     - Plugin kieker.tools.traceAnalysis.plugins.executionRecordTransformation.ExecutionRecordTransformationFilter@19209ea also registered as record consumer
6    INFO  [main]    kieker.analysis.AnalysisController     - Registered plugin kieker.tools.traceAnalysis.plugins.executionFilter.TimestampFilter@1c99159
14   INFO  [main]    kieker.analysis.AnalysisController     - Registered plugin kieker.tools.traceAnalysis.plugins.executionFilter.TraceIdFilter@a61164
17   INFO  [main]    kieker.analysis.AnalysisController     - Registered plugin kieker.tools.traceAnalysis.plugins.traceReconstruction.TraceReconstructionFilter@1d9fd51
27   INFO  [main]    kieker.analysis.AnalysisController     - Registered plugin kieker.tools.traceAnalysis.plugins.visualization.callTree.AggregatedAllocationComponentOperationCallTreePlugin@181edf4
28   INFO  [main]    kieker.analysis.AnalysisController     - Registered plugin kieker.tools.traceAnalysis.plugins.visualization.callTree.AggregatedAssemblyComponentOperationCallTreePlugin@1adc30
71   INFO  [Reader thread for /home/voorn/svn_work/kieker/software/kieker/trunk/examples/userguide/ch5--aspectj-instrumentation/testdata/tpmon-20100830-082225522-UTC/] kieker.analysis.reader.filesystem.FSDirectoryReader     - < Loading /home/voorn/svn_work/kieker/software/kieker/trunk/examples/userguide/ch5--aspectj-instrumentation/testdata/tpmon-20100830-082225522-UTC/tpmon-20100830-082225582-UTC-Thread-2.dat
72   INFO  [Reader thread for /home/voorn/svn_work/kieker/software/kieker/trunk/examples/userguide/ch5--aspectj-instrumentation/testdata/tpmon-20100830-082225522-UTC/] kieker.common.record.MonitoringRecordTypeRegistry     - Registered record type mapping 1/kieker.common.record.OperationExecutionRecord
477  INFO  [main] kieker.analysis.reader.filesystem.FSReader     - All reader threads provided FS_READER_TERMINATION_MARKER
478  INFO  [main] kieker.tools.traceAnalysis.plugins.traceReconstruction.TraceReconstructionFilter     - terminate called with error flag set; won't process timeoutqueue any more.
0    INFO  [main]    kieker.analysis.AnalysisController     - Registered plugin kieker.tools.traceAnalysis.plugins.executionRecordTransformation.ExecutionRecordTransformationFilter@19209ea
12   INFO  [main]    kieker.analysis.AnalysisController     - Plugin kieker.tools.traceAnalysis.plugins.executionRecordTransformation.ExecutionRecordTransformationFilter@19209ea also registered as record consumer
13   INFO  [main]    kieker.analysis.AnalysisController     - Registered plugin kieker.tools.traceAnalysis.plugins.executionFilter.TimestampFilter@1c99159
14   INFO  [main]    kieker.analysis.AnalysisController     - Registered plugin kieker.tools.traceAnalysis.plugins.executionFilter.TraceIdFilter@a61164
18   INFO  [main]    kieker.analysis.AnalysisController     - Registered plugin kieker.tools.traceAnalysis.plugins.traceReconstruction.TraceReconstructionFilter@1d9fd51
26   INFO  [main]    kieker.analysis.AnalysisController     - Registered plugin kieker.tools.traceAnalysis.plugins.visualization.dependencyGraph.ComponentDependencyGraphPluginAllocation@184ec44
69   INFO  [Reader thread for /home/voorn/svn_work/kieker/software/kieker/trunk/examples/userguide/ch5--trace-monitoring-aspectj/testdata/tpmon-20100830-082225522-UTC/] kieker.analysis.reader.filesystem.FSDirectoryReader     - < Loading /home/voorn/svn_work/kieker/software/kieker/trunk/examples/userguide/ch5--trace-monitoring-aspectj/testdata/tpmon-20100830-082225522-UTC/tpmon-20100830-082225582-UTC-Thread-2.dat
70   INFO  [Reader thread for /home/voorn/svn_work/kieker/software/kieker/trunk/examples/userguide/ch5--trace-monitoring-aspectj/testdata/tpmon-20100830-082225522-UTC/] kieker.common.record.MonitoringRecordTypeRegistry     - Registered record type mapping 1/kieker.common.record.OperationExecutionRecord
479  INFO  [main] kieker.analysis.reader.filesystem.FSReader     - All reader threads provided FS_READER_TERMINATION_MARKER
479  INFO  [main] kieker.tools.traceAnalysis.plugins.traceReconstruction.TraceReconstructionFilter     - terminate called with error flag set; won't process timeoutqueue any more.
0    INFO  [main]    kieker.analysis.AnalysisController     - Registered plugin kieker.tools.traceAnalysis.plugins.executionRecordTransformation.ExecutionRecordTransformationFilter@c8f6f8
15   INFO  [main]    kieker.analysis.AnalysisController     - Plugin kieker.tools.traceAnalysis.plugins.executionRecordTransformation.ExecutionRecordTransformationFilter@c8f6f8 also registered as record consumer
17   INFO  [main]    kieker.analysis.AnalysisController     - Registered plugin kieker.tools.traceAnalysis.plugins.executionFilter.TimestampFilter@65a77f
18   INFO  [main]    kieker.analysis.AnalysisController     - Registered plugin kieker.tools.traceAnalysis.plugins.executionFilter.TraceIdFilter@bfc8e0
23   INFO  [main]    kieker.analysis.AnalysisController     - Registered plugin kieker.tools.traceAnalysis.plugins.traceReconstruction.TraceReconstructionFilter@860d49
30   INFO  [main]    kieker.analysis.AnalysisController     - Registered plugin kieker.tools.traceAnalysis.plugins.visualization.dependencyGraph.ComponentDependencyGraphPluginAllocation@1b383e9
72   INFO  [Reader thread for /home/voorn/svn_work/kieker/software/kieker/trunk/examples/userguide/ch5--trace-monitoring-aspectj/testdata/tpmon-20100830-082225522-UTC/] kieker.analysis.reader.filesystem.FSDirectoryReader     - < Loading /home/voorn/svn_work/kieker/software/kieker/trunk/examples/userguide/ch5--trace-monitoring-aspectj/testdata/tpmon-20100830-082225522-UTC/tpmon-20100830-082225582-UTC-Thread-2.dat
89   INFO  [Reader thread for /home/voorn/svn_work/kieker/software/kieker/trunk/examples/userguide/ch5--trace-monitoring-aspectj/testdata/tpmon-20100830-082225522-UTC/] kieker.common.record.MonitoringRecordTypeRegistry     - Registered record type mapping 1/kieker.common.record.OperationExecutionRecord
491  INFO  [main] kieker.analysis.reader.filesystem.FSReader     - All reader threads provided FS_READER_TERMINATION_MARKER
491  INFO  [main] kieker.tools.traceAnalysis.plugins.traceReconstruction.TraceReconstructionFilter     - terminate called with error flag set; won't process timeoutqueue any more.
