\BOOKMARK [0][-]{chapter.1}{Introduction}{}
\BOOKMARK [0][-]{chapter.2}{Project Management}{}
\BOOKMARK [1][-]{section.2.1}{Subversion Repository}{chapter.2}
\BOOKMARK [1][-]{section.2.2}{Mailing Lists}{chapter.2}
\BOOKMARK [1][-]{section.2.3}{Bug Tracker}{chapter.2}
\BOOKMARK [0][-]{chapter.3}{Build and Development Environment}{}
\BOOKMARK [1][-]{section.3.1}{Ant Build}{chapter.3}
\BOOKMARK [1][-]{section.3.2}{IDE-Specific Project Configuration}{chapter.3}
\BOOKMARK [2][-]{subsection.3.2.1}{Netbeans}{section.3.2}
\BOOKMARK [2][-]{subsection.3.2.2}{Eclipse}{section.3.2}
\BOOKMARK [1][-]{section.3.3}{Continuous Integration}{chapter.3}
\BOOKMARK [0][-]{chapter.4}{Creating a Release}{}
\BOOKMARK [0][-]{chapter.5}{Testing}{}
\BOOKMARK [1][-]{section.5.1}{JUnit Tests}{chapter.5}
\BOOKMARK [1][-]{section.5.2}{Integration Tests}{chapter.5}
\BOOKMARK [0][-]{chapter.6}{Documentation}{}
\BOOKMARK [1][-]{section.6.1}{Javadoc API}{chapter.6}
\BOOKMARK [1][-]{section.6.2}{User Guide}{chapter.6}
\BOOKMARK [1][-]{section.6.3}{Developer Guide}{chapter.6}
\BOOKMARK [1][-]{section.6.4}{Web Site}{chapter.6}
\BOOKMARK [0][-]{chapter.7}{Architectural Details}{}
\BOOKMARK [1][-]{section.7.1}{Goals}{chapter.7}
\BOOKMARK [1][-]{section.7.2}{Design Decisions}{chapter.7}
\BOOKMARK [0][-]{chapter.8}{Roadmap}{}
