Apr 2, 2012 6:33:14 PM kieker.monitoring.core.configuration.ConfigurationFactory createSingletonConfiguration
INFO: Loading properties from properties file in classpath: 'META-INF/kieker.monitoring.properties'
Apr 2, 2012 6:33:14 PM kieker.monitoring.core.configuration.ConfigurationFactory loadConfigurationFromResource
WARNING: File 'META-INF/kieker.monitoring.properties' not found in classpath
Apr 2, 2012 6:33:14 PM kieker.monitoring.core.controller.MonitoringController createInstance
INFO: Current State of kieker.monitoring (1.5) Status: 'enabled'
        Name: 'KIEKER-SINGLETON'; Hostname: 'myHost'; experimentID: '1'
JMXController: JMX disabled
RegistryController: 0 strings registered.
TimeSource: 'kieker.monitoring.timer.SystemNanoTimer'
        Time in nanoseconds (with nanoseconds precision) since Thu Jan 01 01:00:00 CET 1970'
WriterController:
        Number of Inserts: '0'
        Automatic assignment of logging timestamps: 'true'
Writer: 'kieker.monitoring.writer.filesystem.AsyncFsWriter'
        Configuration:
                kieker.monitoring.writer.filesystem.AsyncFsWriter.QueueFullBehavior='0'
                kieker.monitoring.writer.filesystem.AsyncFsWriter.flush='true'
                kieker.monitoring.writer.filesystem.AsyncFsWriter.QueueSize='10000'
                kieker.monitoring.writer.filesystem.AsyncFsWriter.customStoragePath='.'
                kieker.monitoring.writer.filesystem.AsyncFsWriter.MaxShutdownDelay='-1'
                kieker.monitoring.writer.filesystem.AsyncFsWriter.storeInJavaIoTmpdir='true'
                kieker.monitoring.writer.filesystem.AsyncFsWriter.maxEntriesInFile='25000'
        Records lost: 0
        Writer Threads (1): 
                Finished: 'false'; Writing to Directory: '/tmp/kieker-20120402-163314855-UTC-myHost-KIEKER-SINGLETON'
Sampling Controller: Periodic Sensor available: Current Poolsize: '0'; Scheduled Tasks: '0'

Bookstore.main: Starting request 0
Bookstore.main: Starting request 1
Bookstore.main: Starting request 2
Bookstore.main: Starting request 3
Bookstore.main: Starting request 4
Apr 2, 2012 6:33:14 PM kieker.monitoring.core.controller.MonitoringController$1 run
INFO: ShutdownHook notifies controller to initiate shutdown