Sep 10, 2013 2:03:52 PM kieker.monitoring.core.configuration.ConfigurationFactory createSingletonConfiguration
INFO: Loading properties from properties file in classpath: 'META-INF/kieker.monitoring.properties'
Sep 10, 2013 2:03:52 PM kieker.monitoring.core.configuration.ConfigurationFactory loadConfigurationFromResource
WARNING: File 'META-INF/kieker.monitoring.properties' not found in classpath
Sep 10, 2013 2:03:52 PM kieker.monitoring.core.controller.MonitoringController createInstance
INFO: Current State of kieker.monitoring (1.8-SNAPSHOT) Status: 'enabled'
        Name: 'KIEKER-SINGLETON'; Hostname: 'myHost'; experimentID: '1'
JMXController: JMX disabled
RegistryController: 0 strings registered.
TimeSource: 'kieker.monitoring.timer.SystemNanoTimer'
        Time in nanoseconds (with nanoseconds precision) since Thu Jan 01 01:00:00 CET 1970'
ProbeController: disabled
WriterController:
        Number of Inserts: '0'
        Automatic assignment of logging timestamps: 'true'
Writer: 'kieker.monitoring.writer.filesystem.AsyncFsWriter'
        Configuration:
                kieker.monitoring.writer.filesystem.AsyncFsWriter.flush='true'
                kieker.monitoring.writer.filesystem.AsyncFsWriter.maxLogSize='-1'
                kieker.monitoring.writer.filesystem.AsyncFsWriter.storeInJavaIoTmpdir='true'
                kieker.monitoring.writer.filesystem.AsyncFsWriter.QueueFullBehavior='0'
                kieker.monitoring.writer.filesystem.AsyncFsWriter.MaxShutdownDelay='-1'
                kieker.monitoring.writer.filesystem.AsyncFsWriter.maxEntriesInFile='25000'
                kieker.monitoring.writer.filesystem.AsyncFsWriter.bufferSize='8192'
                kieker.monitoring.writer.filesystem.AsyncFsWriter.maxLogFiles='-1'
                kieker.monitoring.writer.filesystem.AsyncFsWriter.customStoragePath='.'
                kieker.monitoring.writer.filesystem.AsyncFsWriter.QueueSize='10000'
        Records lost: 0
        Writer Threads (1):
                Finished: 'false'; Writing to Directory: '/tmp/kieker-20130910-120352847-UTC-Desktop-KIEKER-SINGLETON
'
Sampling Controller: Periodic Sensor available: Poolsize: '0'; Scheduled Tasks: '0'
Bookstore.main: Starting request 0
Bookstore.main: Starting request 1
Bookstore.main: Starting request 2
Bookstore.main: Starting request 3
Bookstore.main: Starting request 4
Sep 10, 2013 2:03:52 PM kieker.monitoring.core.controller.MonitoringController run
INFO: ShutdownHook notifies controller to initiate shutdown